<?xml version="1.0" encoding="UTF-8"?>
<testng-results ignored="0" total="1" passed="1" failed="0" skipped="0">
  <reporter-output>
  </reporter-output>
  <suite started-at="2025-06-10T17:07:18 EDT" name="Extend Report utility" finished-at="2025-06-10T17:07:28 EDT" duration-ms="10210">
    <groups>
    </groups>
    <test started-at="2025-06-10T17:07:18 EDT" name="ExtendReportUtility" finished-at="2025-06-10T17:07:28 EDT" duration-ms="10210">
      <class name="testclasses.SearchAdminUsersTestM">
        <test-method is-config="true" signature="beforeMethod()[pri:0, instance:testclasses.SearchAdminUsersTestM@5c86a017]" started-at="2025-06-10T17:07:18 EDT" name="beforeMethod" finished-at="2025-06-10T17:07:23 EDT" duration-ms="5481" status="PASS">
          <reporter-output>
          </reporter-output>
        </test-method> <!-- beforeMethod -->
        <test-method signature="searchAdminUSers()[pri:0, instance:testclasses.SearchAdminUsersTestM@5c86a017]" started-at="2025-06-10T17:07:23 EDT" name="searchAdminUSers" finished-at="2025-06-10T17:07:28 EDT" duration-ms="4670" status="PASS">
          <reporter-output>
          </reporter-output>
        </test-method> <!-- searchAdminUSers -->
        <test-method is-config="true" signature="afterMethod()[pri:0, instance:testclasses.SearchAdminUsersTestM@5c86a017]" started-at="2025-06-10T17:07:28 EDT" name="afterMethod" finished-at="2025-06-10T17:07:28 EDT" duration-ms="0" status="PASS">
          <reporter-output>
          </reporter-output>
        </test-method> <!-- afterMethod -->
      </class> <!-- testclasses.SearchAdminUsersTestM -->
    </test> <!-- ExtendReportUtility -->
  </suite> <!-- Extend Report utility -->
</testng-results>
