<?xml version="1.0" encoding="UTF-8"?>
<!-- Generated by org.testng.reporters.JUnitXMLReporter -->
<testsuite ignored="2" hostname="Fiji-Lenovo" failures="0" tests="1" name="Default test" time="8.265" errors="0" timestamp="2025-06-04T10:44:54 EDT">
  <testcase classname="testclasses.LogintestM" name="verifyLoginUserpasswdtest1" time="1.937"/>
  <testcase classname="testclasses.LogintestM" name="verifyLoginUserpasswdtest4" time="0.0">
    <ignored/>
  </testcase> <!-- verifyLoginUserpasswdtest4 -->
  <testcase classname="testclasses.LogintestM" name="verifyLoginUserpasswdtest3" time="0.0">
    <ignored/>
  </testcase> <!-- verifyLoginUserpasswdtest3 -->
</testsuite> <!-- Default test -->
